C51 COMPILER V9.60.0.0   LCD12864                                                          05/22/2022 14:05:20 PAGE 1   


C51 COMPILER V9.60.0.0, COMPILATION OF MODULE LCD12864
OBJECT MODULE PLACED IN LCD12864.OBJ
COMPILER INVOKED BY: C:\Keil_v5\C51\BIN\C51.EXE LCD12864.c LARGE OPTIMIZE(8,SPEED) BROWSE DEBUG OBJECTEXTEND TABS(2)

line level    source

   1          #include "STC15F2K60S2.h"
   2          #include "LCD12864.h"
   3          //#include "type.h"
   4          #define uchar unsigned char 
   5          #define uint  unsigned int  
   6          sbit RS=P4^0; 
   7          sbit RW=P4^1; 
   8          sbit E =P4^2; 
   9          sbit PSB =P4^3;  
  10          /*********************************************     *********************************************/ 
  11          void Delay_1ms(uint x) 
  12          {  
  13   1        uint j,i;   
  14   1        for(j=0;j<x;j++)   
  15   1        {    
  16   2          for(i=0;i<120;i++);  
  17   2        }  
  18   1      }
  19          
  20          /*********************************************   LCD12864*********************************************/ 
  21          void Busy_LCD12864()   
  22          {   
  23   1        uchar busy;
  24   1        do  
  25   1        {      
  26   2          E = 0;         
  27   2          RS = 0;      
  28   2          RW = 1;      
  29   2          Delay_1ms(20);    
  30   2          E = 1;     
  31   2          P2M0=0x00;
  32   2          P2M1=0x00;   
  33   2          busy=P2;    
  34   2          Delay_1ms(20);  
  35   2          E = 0;    
  36   2        }while(busy&0x80);  
  37   1      }  
  38          /*********************************************   LCD12864*********************************************/ 
  39          void Write_Data(uchar k) 
  40          {   
  41   1        Busy_LCD12864();   
  42   1        E =1;    
  43   1        RS=1;    
  44   1        RW=0;   
  45   1        P2M0=0xFF;
  46   1        P2M1=0x00;  
  47   1        P2=k;   
  48   1        Delay_1ms(20);  
  49   1        E =0;    
  50   1        Delay_1ms(20);   
  51   1      }  
  52          
  53          /*********************************************   LCD12864  *********************************************/ 
  54          void Write_Cmd(uchar cmd) 
  55          {      
C51 COMPILER V9.60.0.0   LCD12864                                                          05/22/2022 14:05:20 PAGE 2   

  56   1        Busy_LCD12864();    
  57   1        E=1;   
  58   1        RS=0;    
  59   1        RW=0;   
  60   1        P2M0=0xFF;
  61   1        P2M1=0x00;  
  62   1        P2=cmd;    
  63   1        Delay_1ms(20); 
  64   1        E=0;   
  65   1        Delay_1ms(20); 
  66   1      }  
  67          
  68          /*********************************************   LCD12864¨°o?¡ì¨ºy?Y??¨º?¡Á¨®3¨¬D¨°  *********************
             -************************/ 
  69          void Disp(uchar y,uchar x,uchar i,uchar *z)   
  70          {     
  71   1        uchar Address;    
  72   1        if(y==1)
  73   1        {
  74   2          Address=0x80+x;
  75   2        }     
  76   1        if(y==2){Address=0x90+x;}        
  77   1        if(y==3){Address=0x88+x;}    
  78   1        if(y==4){Address=0x98+x;}  
  79   1        Write_Cmd(Address);
  80   1        while(i)       
  81   1        {    
  82   2          Write_Data(*(z++));      
  83   2          i--;         
  84   2        }   
  85   1      } 
  86          
  87           /*********************************************   LCD12864¨°  ********************************************
             -*/ 
  88           void Ini_Lcd(void)     
  89           {     
  90   1      
  91   1         PSB=1;      
  92   1      
  93   1         Delay_1ms(20);                  
  94   1         Write_Cmd(0x30);   
  95   1         Delay_1ms(20);      
  96   1         Write_Cmd(0x02);   
  97   1         Delay_1ms(20);      
  98   1         Write_Cmd(0x0c);    
  99   1         Delay_1ms(20);      
 100   1         Write_Cmd(0x06);   
 101   1         Delay_1ms(20);      
 102   1         Write_Cmd(0x80);     
 103   1         Delay_1ms(20);      
 104   1         Write_Cmd(0x01);   
 105   1       }
 106          
 107          #if 0
               void main()
              {
                P4M1=0x00;
                P4M0=0x00;
                Ini_Lcd();
                Disp(1,0,16,"LCD12864?¨¬2a3¨¦1|");
                Disp(2,1,12,"STC15W4K56S4");
                Disp(3,1,12,"¦Ì£¤???¨²?a¡¤¡é¡ã?");
C51 COMPILER V9.60.0.0   LCD12864                                                          05/22/2022 14:05:20 PAGE 3   

                Disp(4,2,16,"--?Y¨¢¡é?¨¦¦Ì?¡Á¨®");
                while(1);
              }
              #endif
 120          
 121          void lcd12864_module_init(void)
 122          {
 123   1        P4M1=0x00;
 124   1        P4M0=0x00;
 125   1        Ini_Lcd();
 126   1        //Disp(1,0,16,"LCD12864?¨¬2a3¨¦1|");
 127   1        Disp(2,1,12,"STC15W4K56S4");
 128   1        //Disp(3,1,12,"¦Ì£¤???¨²?a¡¤¡é¡ã?");
 129   1        Disp(4,0,16,"MODBUSRTU--ZZCL");
 130   1        //while(1);
 131   1      }
 132          
 133          void lcd12864_module_Disp(u16 *P_data,u8 len)
 134          {
 135   1        unsigned char lcd12864_module_Disp_String[] = {"MODBUSRTU--ZZCL"};
 136   1        unsigned char tmBuf[4];
 137   1        int i;
 138   1        tmBuf[0] = (u8)((*P_data) & 0x000F);
 139   1        tmBuf[1] = (u8)(((*P_data) >> 4) & 0x000F);
 140   1        tmBuf[2] = (u8)(((*P_data) >> 8) & 0x000F);
 141   1        tmBuf[3] = (u8)(((*P_data) >> 12) & 0x000F);
 142   1      
 143   1        for(i = 0;i < 4;i++)
 144   1        {
 145   2          if(tmBuf[i] < 0xA)
 146   2          {
 147   3            tmBuf[i] += 48;
 148   3          }
 149   2          else
 150   2          {
 151   3            tmBuf[i] += 55;
 152   3          }
 153   2        }
 154   1        
 155   1        lcd12864_module_Disp_String[14] = tmBuf[0];
 156   1        lcd12864_module_Disp_String[13] = tmBuf[1];
 157   1        lcd12864_module_Disp_String[12] = tmBuf[2];
 158   1        lcd12864_module_Disp_String[11] = tmBuf[3];
 159   1        Disp(4,0,16,lcd12864_module_Disp_String); 
 160   1      }
*** WARNING C280 IN LINE 133 OF LCD12864.c: 'len': unreferenced local variable
 161          
 162          


MODULE INFORMATION:   STATIC OVERLAYABLE
   CODE SIZE        =    528    ----
   CONSTANT SIZE    =     45    ----
   XDATA SIZE       =   ----      33
   PDATA SIZE       =   ----    ----
   DATA SIZE        =   ----    ----
   IDATA SIZE       =   ----    ----
   BIT SIZE         =   ----    ----
END OF MODULE INFORMATION.


C51 COMPILATION COMPLETE.  1 WARNING(S),  0 ERROR(S)
