C51 COMPILER V9.60.0.0   MAIN                                                              05/21/2022 00:54:37 PAGE 1   


C51 COMPILER V9.60.0.0, COMPILATION OF MODULE MAIN
OBJECT MODULE PLACED IN main.OBJ
COMPILER INVOKED BY: C:\Keil_v5\C51\BIN\C51.EXE main.c OPTIMIZE(8,SPEED) BROWSE DEBUG OBJECTEXTEND TABS(2)

line level    source

   1          #include "main.h"
   2          #include "SystemManage.h"
   3          #include "SystemState_Idle.h"
   4          #include "SystemManageDef.h"
   5          
   6          volatile int exit_code = 0;
   7          
   8          
   9          int  main(void)
  10          {
  11   1        SystemState_CurrentState_Set(SystemState_Idle);
  12   1        while (1)
  13   1          {
  14   2              SystemState_Manage();
  15   2          }
  16   1      
  17   1        for(;;)
  18   1          {
  19   2              if(exit_code != 0)
  20   2              {
  21   3                  break;
  22   3              }
  23   2          }
  24   1          return exit_code;
  25   1      }


MODULE INFORMATION:   STATIC OVERLAYABLE
   CODE SIZE        =     10    ----
   CONSTANT SIZE    =   ----    ----
   XDATA SIZE       =   ----    ----
   PDATA SIZE       =   ----    ----
   DATA SIZE        =      2    ----
   IDATA SIZE       =   ----    ----
   BIT SIZE         =   ----    ----
END OF MODULE INFORMATION.


C51 COMPILATION COMPLETE.  0 WARNING(S),  0 ERROR(S)
