C51 COMPILER V9.60.0.0   SYSTEMSTATE_IDLE                                                  05/22/2022 14:05:18 PAGE 1   


C51 COMPILER V9.60.0.0, COMPILATION OF MODULE SYSTEMSTATE_IDLE
OBJECT MODULE PLACED IN SystemState_Idle.OBJ
COMPILER INVOKED BY: C:\Keil_v5\C51\BIN\C51.EXE SystemState_Idle.c LARGE OPTIMIZE(8,SPEED) BROWSE DEBUG OBJECTEXTEND TAB
                    -S(2)

line level    source

   1          #include "SystemState_Idle.h"
   2          #include "system.h"
   3          
   4          void System_Idle_Task(void)
   5          {
   6   1        system_init();
   7   1      }
   8          


MODULE INFORMATION:   STATIC OVERLAYABLE
   CODE SIZE        =      3    ----
   CONSTANT SIZE    =   ----    ----
   XDATA SIZE       =   ----    ----
   PDATA SIZE       =   ----    ----
   DATA SIZE        =   ----    ----
   IDATA SIZE       =   ----    ----
   BIT SIZE         =   ----    ----
END OF MODULE INFORMATION.


C51 COMPILATION COMPLETE.  0 WARNING(S),  0 ERROR(S)
