C51 COMPILER V9.60.0.0   SYSTEM                                                            05/21/2022 00:55:04 PAGE 1   


C51 COMPILER V9.60.0.0, COMPILATION OF MODULE SYSTEM
OBJECT MODULE PLACED IN system.OBJ
COMPILER INVOKED BY: C:\Keil_v5\C51\BIN\C51.EXE system.c OPTIMIZE(8,SPEED) BROWSE DEBUG OBJECTEXTEND TABS(2)

line level    source

   1          #include "reg51.h"
   2          #include "timer.h"
   3          
   4          void system_init(void)
   5          {
   6   1        timer0_init();
   7   1        timer1_init();
   8   1        EA = 1;
   9   1      }
  10          


MODULE INFORMATION:   STATIC OVERLAYABLE
   CODE SIZE        =      9    ----
   CONSTANT SIZE    =   ----    ----
   XDATA SIZE       =   ----    ----
   PDATA SIZE       =   ----    ----
   DATA SIZE        =   ----    ----
   IDATA SIZE       =   ----    ----
   BIT SIZE         =   ----    ----
END OF MODULE INFORMATION.


C51 COMPILATION COMPLETE.  0 WARNING(S),  0 ERROR(S)
