C51 COMPILER V9.60.0.0   SYSTEMMANAGEDEF                                                   05/21/2022 00:54:39 PAGE 1   


C51 COMPILER V9.60.0.0, COMPILATION OF MODULE SYSTEMMANAGEDEF
OBJECT MODULE PLACED IN SystemManageDef.OBJ
COMPILER INVOKED BY: C:\Keil_v5\C51\BIN\C51.EXE SystemManageDef.c OPTIMIZE(8,SPEED) BROWSE DEBUG OBJECTEXTEND TABS(2)

line level    source

   1          #include "SystemManageDef.h"
   2          
   3          /*---------------------------------------------------------------------------*/
   4          /* define struct                                                             */
   5          /*---------------------------------------------------------------------------*/
   6          TimeCounter Counter;
   7          Type_SystemState SystemState;
   8          


MODULE INFORMATION:   STATIC OVERLAYABLE
   CODE SIZE        =   ----    ----
   CONSTANT SIZE    =   ----    ----
   XDATA SIZE       =   ----    ----
   PDATA SIZE       =   ----    ----
   DATA SIZE        =     28    ----
   IDATA SIZE       =   ----    ----
   BIT SIZE         =   ----    ----
END OF MODULE INFORMATION.


C51 COMPILATION COMPLETE.  0 WARNING(S),  0 ERROR(S)
