C51 COMPILER V9.60.0.0   SYSTEMSTATE_READY                                                 05/21/2022 00:54:38 PAGE 1   


C51 COMPILER V9.60.0.0, COMPILATION OF MODULE SYSTEMSTATE_READY
OBJECT MODULE PLACED IN SystemState_Ready.OBJ
COMPILER INVOKED BY: C:\Keil_v5\C51\BIN\C51.EXE SystemState_Ready.c OPTIMIZE(8,SPEED) BROWSE DEBUG OBJECTEXTEND TABS(2)

line level    source

   1          #include "SystemState_Ready.h"
   2          #include "system.h"
   3          
   4          
   5          void SystemState_Ready_Task(void)
   6          {
   7   1        system_init();
   8   1      }
   9          


MODULE INFORMATION:   STATIC OVERLAYABLE
   CODE SIZE        =      3    ----
   CONSTANT SIZE    =   ----    ----
   XDATA SIZE       =   ----    ----
   PDATA SIZE       =   ----    ----
   DATA SIZE        =   ----    ----
   IDATA SIZE       =   ----    ----
   BIT SIZE         =   ----    ----
END OF MODULE INFORMATION.


C51 COMPILATION COMPLETE.  0 WARNING(S),  0 ERROR(S)
