C51 COMPILER V9.60.0.0   TIMER_USINGTIMER0                                                 05/22/2022 00:44:31 PAGE 1   


C51 COMPILER V9.60.0.0, COMPILATION OF MODULE TIMER_USINGTIMER0
OBJECT MODULE PLACED IN timer_usingTimer0.OBJ
COMPILER INVOKED BY: C:\Keil_v5\C51\BIN\C51.EXE timer_usingTimer0.c LARGE OPTIMIZE(8,SPEED) BROWSE DEBUG OBJECTEXTEND TA
                    -BS(2)

line level    source

   1          #include "timer_usingTimer0.h"
   2          #include "reg51.h"
   3          
   4          bool timer_usingTimer0_Enable = false;
   5          extern u32 g_current_system_time;
   6          
   7          void timer_usingTimer0_StartTimer(Timer_UsingTimer0_TimerID timerID)
   8          {
   9   1        (void)timerID;
*** WARNING C275 IN LINE 9 OF timer_usingTimer0.c: expression with possibly no effect
  10   1        timer_usingTimer0_Enable = true;
  11   1        ET0 = 0;
  12   1        g_current_system_time = 0;
  13   1        ET0 = 1;
  14   1      }
  15          
  16          void timer_usingTimer0_StopTimer(Timer_UsingTimer0_TimerID timerID)
  17          {
  18   1        (void)timerID;
*** WARNING C275 IN LINE 18 OF timer_usingTimer0.c: expression with possibly no effect
  19   1        timer_usingTimer0_Enable = false;
  20   1        g_current_system_time = 0;
  21   1      }
  22          
  23          bool timer_usingTimer0_IsTimerout(Timer_UsingTimer0_TimerID timerID,u32 timeout)
  24          {
  25   1        (void)timerID;
*** WARNING C275 IN LINE 25 OF timer_usingTimer0.c: expression with possibly no effect
  26   1        if(g_current_system_time >= timeout)
  27   1        {
  28   2          return true;
  29   2        }
  30   1        return false;
  31   1      }
  32          
  33          
  34          
  35          


MODULE INFORMATION:   STATIC OVERLAYABLE
   CODE SIZE        =     64    ----
   CONSTANT SIZE    =   ----    ----
   XDATA SIZE       =      1       3
   PDATA SIZE       =   ----    ----
   DATA SIZE        =   ----    ----
   IDATA SIZE       =   ----    ----
   BIT SIZE         =   ----    ----
END OF MODULE INFORMATION.


C51 COMPILATION COMPLETE.  3 WARNING(S),  0 ERROR(S)
