C51 COMPILER V9.60.0.0   TIMER                                                             05/21/2022 00:54:39 PAGE 1   


C51 COMPILER V9.60.0.0, COMPILATION OF MODULE TIMER
OBJECT MODULE PLACED IN timer.OBJ
COMPILER INVOKED BY: C:\Keil_v5\C51\BIN\C51.EXE timer.c OPTIMIZE(8,SPEED) BROWSE DEBUG OBJECTEXTEND TABS(2)

line level    source

   1          #include "reg51.h"
   2          #include "intrins.h"
   3          #include "type.h"
   4          #include "systemManage.h"
   5          
   6          
   7          static u32 g_TM0_Isr_cnt = 0;
   8          static u32 g_TM1_Isr_cnt = 0;
   9          
  10          
  11          void TM0_Isr() interrupt 1 using 1
  12          {
  13   1        TimeSlice_Count();
  14   1      
  15   1        if(g_TM0_Isr_cnt++ >= 2000)
  16   1        {
  17   2          g_TM0_Isr_cnt = 0;
  18   2          //P10 = !P10; //测试端口     
  19   2        }
  20   1                       
  21   1      }
  22          
  23          void TM1_Isr() interrupt 3 using 1
  24          {
  25   1        if(g_TM1_Isr_cnt++ >= 100)
  26   1        {
  27   2          g_TM1_Isr_cnt = 0;
  28   2          //P11 = !P11; //测试端口     
  29   2        }
  30   1      }
  31          
  32          
  33          //500us per intterrupt
  34          void timer0_init()
  35          {
  36   1        TMOD = 0x00;
  37   1        TL0 = 0x33; //65536-11.0592M/12/1000
  38   1        TH0 = 0xFE;
  39   1        TR0 = 1; //启动定时器
  40   1        ET0 = 1; //使能定时器中断
  41   1      }
  42          
  43          void timer1_init()
  44          {
  45   1        TMOD = 0x00;
  46   1        TL1 = 0x66;
  47   1        TH1 = 0xfc;
  48   1        TR1 = 1;
  49   1        ET1 = 1;  
  50   1      }
  51          
  52          


MODULE INFORMATION:   STATIC OVERLAYABLE
C51 COMPILER V9.60.0.0   TIMER                                                             05/21/2022 00:54:39 PAGE 2   

   CODE SIZE        =    117    ----
   CONSTANT SIZE    =   ----    ----
   XDATA SIZE       =   ----    ----
   PDATA SIZE       =   ----    ----
   DATA SIZE        =      4    ----
   IDATA SIZE       =   ----    ----
   BIT SIZE         =   ----    ----
END OF MODULE INFORMATION.


C51 COMPILATION COMPLETE.  0 WARNING(S),  0 ERROR(S)
