C51 COMPILER V9.60.0.0   USART                                                             05/22/2022 14:20:20 PAGE 1   


C51 COMPILER V9.60.0.0, COMPILATION OF MODULE USART
OBJECT MODULE PLACED IN usart.OBJ
COMPILER INVOKED BY: C:\Keil_v5\C51\BIN\C51.EXE usart.c LARGE OPTIMIZE(8,SPEED) BROWSE DEBUG OBJECTEXTEND TABS(2)

line level    source

   1          #include "STC15F2K60S2.H" 
   2          #include "intrins.h"  
   3          #include "usart.h"
   4          #include "type.h"
   5          #include "register.h"
   6          
   7          bit busy;
   8          bit flag;
   9          static u8 sendByte;
  10          Usart2_Runtime_t Usart2_Runtime_Var = {true,false,0,{0}};
  11          extern u32 g_10ms_uart2_recv_timeout;
  12          
  13          void usart2_init(u32 baudrate)
  14          {
  15   1        P_SW2 &= ~S2_S0;           
  16   1      //  P_SW2 |= S2_S0;             
  17   1      
  18   1      #if (PARITYBIT == NONE_PARITY)
                  S2CON = 0x50;               
              #elif (PARITYBIT == ODD_PARITY) || (PARITYBIT == EVEN_PARITY) || (PARITYBIT == MARK_PARITY)
  21   1          S2CON = 0xda;               
  22   1      #elif (PARITYBIT == SPACE_PARITY)
                  S2CON = 0xd2;               
              #endif
  25   1      
  26   1          //T2L = (65536 - (FOSC/4/BAUD));   //谷豕??2“足??那??℅∼?米
  27   1          //T2H = (65536 - (FOSC/4/BAUD))>>8;
  28   1        T2L = (65536 - (FOSC/4/baudrate));   
  29   1          T2H = (65536 - (FOSC/4/baudrate))>>8;
  30   1          AUXR = 0x14;               
  31   1          IE2 = 0x01;                 
  32   1      }
  33          
  34          
  35          void SendData(BYTE dat)
  36          {
  37   1          while (busy);              
  38   1          ACC = dat;                 
  39   1          if (P)                      
  40   1          {
  41   2      #if (PARITYBIT == ODD_PARITY)
                      S2CON &= ~S2TB8;        
              #elif (PARITYBIT == EVEN_PARITY)
  44   2              S2CON |= S2TB8;        
  45   2      #endif
  46   2          }
  47   1          else
  48   1          {
  49   2      #if (PARITYBIT == ODD_PARITY)
                      S2CON |= S2TB8;         
              #elif (PARITYBIT == EVEN_PARITY)
  52   2              S2CON &= ~S2TB8;        
  53   2      #endif
  54   2          }
  55   1          busy = 1;
C51 COMPILER V9.60.0.0   USART                                                             05/22/2022 14:20:20 PAGE 2   

  56   1          S2BUF = ACC;                
  57   1      }
  58          
  59          void SendString(char *s)
  60          {
  61   1          while (*s)                 
  62   1          {
  63   2              SendData(*s++);      
  64   2          }
  65   1      }
  66          
  67          void Uart2() interrupt 8 using 1
  68          {
  69   1        u8  tmp;
  70   1          if (S2CON & S2RI)
  71   1          {
  72   2              S2CON &= ~S2RI;         //??3yS2RI??
  73   2              //sendByte = S2BUF;              //??豕?∩??迆?車那?那y?Y
  74   2              tmp = S2BUF;
  75   2      #ifdef TEST_USART2
                      //Usart2_Revcive_OneByte(tmp);
              #endif
  78   2              reg_command_receive(tmp);
  79   2          flag = 1; 
  80   2          }
  81   1          if (S2CON & S2TI)
  82   1          {
  83   2              S2CON &= ~S2TI;         //??3yS2TI??
  84   2              busy = 0;               //???|㊣那??
  85   2          }
  86   1      }
  87          
  88          void Usart2_Revcive_OneByte(u8 ch)
  89          {
  90   1        if((true == Usart2_Runtime_Var.Uart_RecvData_IsNewFrame) && (0x1 == ch))
  91   1        {
  92   2          Usart2_Runtime_Var.Local_Uart2Rec_Buf[0] = ch;
  93   2          Usart2_Runtime_Var.Uart_RecvData_Pos++;
  94   2          Usart2_Runtime_Var.Uart_RecvData_Notificatio = true;
  95   2          Usart2_Runtime_Var.Uart_RecvData_IsNewFrame = false;
  96   2          g_10ms_uart2_recv_timeout = 0;
  97   2        }
  98   1        else if(true == Usart2_Runtime_Var.Uart_RecvData_Notificatio)
  99   1        {
 100   2          Usart2_Runtime_Var.Local_Uart2Rec_Buf[Usart2_Runtime_Var.Uart_RecvData_Pos++] = ch;   
 101   2          g_10ms_uart2_recv_timeout = 0;
 102   2        }
 103   1      }
 104          
 105          
 106          
 107          
 108          
 109          
 110          
 111          


MODULE INFORMATION:   STATIC OVERLAYABLE
   CODE SIZE        =    281    ----
   CONSTANT SIZE    =   ----    ----
   XDATA SIZE       =     54       5
C51 COMPILER V9.60.0.0   USART                                                             05/22/2022 14:20:20 PAGE 3   

   PDATA SIZE       =   ----    ----
   DATA SIZE        =   ----    ----
   IDATA SIZE       =   ----    ----
   BIT SIZE         =      2    ----
END OF MODULE INFORMATION.


C51 COMPILATION COMPLETE.  0 WARNING(S),  0 ERROR(S)
